<?xml version="1.0" encoding="UTF-8"?>
<!-- Generated by org.testng.reporters.JUnitXMLReporter -->
<testsuite ignored="0" hostname="DESKTOP-FNI86KM" failures="0" tests="4" name="ByjusAnswerTest" time="50.126" errors="0" timestamp="2023-09-24T13:38:58 IST">
  <testcase classname="TestPacakage.TestNg" name="verifyParentFeedbackVideoFunctionality" time="8.368"/>
  <testcase classname="TestPacakage.TestNg" name="verifyTutionCenterLocationFunctionality" time="12.232"/>
  <testcase classname="TestPacakage.VerifyByjusAnswerModuleTestNG" name="verifyFindSolutionsSearchBoxFunctionality" time="4.899"/>
  <testcase classname="TestPacakage.VerifyByjusAnswerModuleTestNG" name="verifyQuestionPapersFunctionality" time="2.976"/>
</testsuite> <!-- ByjusAnswerTest -->
